[handleMsg]:  Message {
  _data: {
    id: {
      fromMe: false,
      remote: '50661490928@c.us',
      id: 'A17E422E5A602D56A0A722C67A95A44A',
      _serialized: 'false_50661490928@c.us_A17E422E5A602D56A0A722C67A95A44A'
    },
    viewed: false,
    body: 'Hola',
    type: 'chat',
    t: 1700619525,
    notifyName: 'Jordi_M',
    from: '50661490928@c.us',
    to: '50664518901@c.us',
    self: 'in',
    ack: 1,
    invis: false,
    isNewMsg: true,
    star: false,
    kicNotified: false,
    recvFresh: true,
    isFromTemplate: false,
    pollInvalidated: false,
    isSentCagPollCreation: false,
    latestEditMsgKey: null,
    latestEditSenderTimestampMs: null,
    mentionedJidList: [],
    groupMentions: [],
    isVcardOverMmsDocument: false,
    isForwarded: false,
    hasReaction: false,
    productHeaderImageRejected: false,
    lastPlaybackProgress: 0,
    isDynamicReplyButtonsMsg: false,
    isCarouselCard: false,
    parentMsgId: null,
    isMdHistoryMsg: false,
    stickerSentTs: 0,
    isAvatar: false,
    lastUpdateFromServerTs: 0,
    invokedBotWid: null,
    bizBotType: null,
    botResponseTargetId: null,
    botPluginType: null,
    botPluginReferenceIndex: null,
    botPluginSearchProvider: null,
    botPluginSearchUrl: null,
    botPluginMaybeParent: false,
    botReelPluginThumbnailCdnUrl: null,
    requiresDirectConnection: null,
    links: []
  },
  mediaKey: undefined,
  id: {
    fromMe: false,
    remote: '50661490928@c.us',
    id: 'A17E422E5A602D56A0A722C67A95A44A',
    _serialized: 'false_50661490928@c.us_A17E422E5A602D56A0A722C67A95A44A'
  },
  ack: 1,
  hasMedia: false,
  body: 'Hola',
  type: 'chat',
  timestamp: 1700619525,
  from: '50661490928',
  to: '50664518901@c.us',
  author: undefined,
  deviceType: 'android',
  isForwarded: false,
  forwardingScore: 0,
  isStatus: false,
  isStarred: false,
  broadcast: undefined,
  fromMe: false,
  hasQuotedMsg: false,
  hasReaction: false,
  duration: undefined,
  location: undefined,
  vCards: [],
  inviteV4: undefined,
  mentionedIds: [],
  orderId: undefined,
  token: undefined,
  isGif: false,
  isEphemeral: undefined,
  links: []
}
[QUEUE_SE_ENVIO]:  {
  ref: 'ans_3117e025-5cea-4245-8ec9-cffc3d592f69',
  keyword: 'key_c95f8202-e31e-4bd1-9983-334eec0a098e',
  answer: '🙌 Hola bienvenido a este *Chatbot*',
  options: {
    media: null,
    buttons: [],
    capture: false,
    child: null,
    delay: 0,
    idle: null,
    ref: null,
    nested: [],
    keyword: {},
    callback: false
  },
  refSerialize: '21e3d5e90e0a84c4dbdd9a2c70c3670b'
}
[QUEUE_SE_ENVIO]:  {
  ref: 'ans_d9eac29c-b978-4195-962e-b2d97a918329',
  keyword: 'ans_3117e025-5cea-4245-8ec9-cffc3d592f69',
  answer: 'te comparto los siguientes links de interes sobre el proyecto\n' +
    '👉 *doc* para ver la documentación\n' +
    '👉 *gracias*  para ver la lista de videos\n' +
    '👉 *discord* unirte al discord',
  options: {
    media: null,
    buttons: [],
    capture: false,
    child: null,
    delay: 0,
    idle: null,
    ref: null,
    nested: [
      [Object], [Object],
      [Object], [Object],
      [Object], [Object],
      [Object], [Object]
    ],
    keyword: {},
    callback: false
  },
  refSerialize: '9566104fa00852c585eb9e4e612652ad'
}
